{
  "stats": {
    "suites": 1,
    "tests": 2,
    "passes": 2,
    "pending": 0,
    "failures": 0,
    "start": "2019-05-16T14:44:09.504Z",
    "end": "2019-05-16T14:44:47.148Z",
    "duration": 37644,
    "testsRegistered": 2,
    "passPercent": 100,
    "pendingPercent": 0,
    "other": 0,
    "hasOther": false,
    "skipped": 0,
    "hasSkipped": false,
    "passPercentClass": "success",
    "pendingPercentClass": "danger"
  },
  "suites": {
    "uuid": "6e2edf15-8cbe-4876-a3b4-5f63af26b965",
    "title": "",
    "fullFile": "",
    "file": "",
    "beforeHooks": [],
    "afterHooks": [],
    "tests": [],
    "suites": [
      {
        "uuid": "bf03ddc7-820f-43b9-b4f1-2e90649dd289",
        "title": "Search, filter and sort cars functionality:",
        "fullFile": "",
        "file": "",
        "beforeHooks": [],
        "afterHooks": [],
        "tests": [
          {
            "title": "Should be possible to find car by brand and model",
            "fullTitle": "Search, filter and sort cars functionality: Should be possible to find car by brand and model",
            "duration": 18712,
            "state": "passed",
            "speed": "slow",
            "pass": true,
            "fail": false,
            "pending": false,
            "code": "var _this$car$carTest = this.car.carTest,\n    brand = _this$car$carTest.brand,\n    model = _this$car$carTest.model;\ncy.selectCheckboxFromDropdown('[data-e2e-id=brandDropdown]', brand.toLowerCase()).selectCheckboxFromDropdown('[data-e2e-id=modelDropdown]', model.toLowerCase());\ncy.get('[data-e2e-id=searchButton]').click();\ncy.url().should('include', \"\".concat(brand.toLowerCase(), \"/\").concat(model.toLowerCase()));\ncy.get('[data-e2e-id=cardCarBrand]').each(function ($elem) {\n  expect($elem).to.have.text(brand);\n});\ncy.get('[data-e2e-id=cardCarModel]').each(function ($elem) {\n  expect($elem).to.have.text(model);\n});",
            "err": {},
            "isRoot": false,
            "uuid": "2397c3a7-a178-4a41-a6d8-b8b77a597ebd",
            "isHook": false,
            "skipped": false
          },
          {
            "title": "Should show correct results if filter and sort",
            "fullTitle": "Search, filter and sort cars functionality: Should show correct results if filter and sort",
            "duration": 18381,
            "state": "passed",
            "speed": "slow",
            "pass": true,
            "fail": false,
            "pending": false,
            "code": "var minimumPrice = 15000;\nvar maximumPrice = 20000;\nvar transmission = 'Manual';\nvar sortingType = 'price';\nvar prices = [];\ncy.visit('/cars');\ncy.selectOptionFromDropdown('#salePriceFrom select', minimumPrice).selectOptionFromDropdown('#salePriceTo select', maximumPrice).get('[type=checkbox]').check(transmission.toLowerCase(), {\n  force: true\n}).selectOptionFromDropdown('[data-e2e-id=sortingDropdown] select', sortingType).wait(1000);\ncy.get('[data-e2e-id=carBuyPrice]').each(function ($elem) {\n  var price = $elem.text();\n  if (price !== 'Sold') {\n    var convertedPrice = convertPrice(price);\n    expect(convertedPrice).to.be.greaterThan(minimumPrice);\n    expect(convertedPrice).to.be.lessThan(maximumPrice);\n    prices.push(convertedPrice);\n  }\n});\ncy.log(prices).then(function () {\n  expect(prices[0]).to.be.lessThan(prices[prices.length - 1]);\n});",
            "err": {},
            "isRoot": false,
            "uuid": "916bec1e-d165-499c-8e50-6b46ed72f760",
            "isHook": false,
            "skipped": false
          }
        ],
        "suites": [],
        "passes": [
          "2397c3a7-a178-4a41-a6d8-b8b77a597ebd",
          "916bec1e-d165-499c-8e50-6b46ed72f760"
        ],
        "failures": [],
        "pending": [],
        "skipped": [],
        "duration": 37093,
        "root": false,
        "rootEmpty": false,
        "_timeout": 2000
      }
    ],
    "passes": [],
    "failures": [],
    "pending": [],
    "skipped": [],
    "duration": 0,
    "root": true,
    "rootEmpty": true,
    "_timeout": 2000
  },
  "copyrightYear": 2019
}